2014-07-11 19:10:48 Error: [MissingConnectionException] Database connection "Postgres" is missing, or could not be created.
Exception Attributes: array (
  'class' => 'Postgres',
  'message' => 'SQLSTATE[08006] [7] could not connect to server: Conexión rehusada
	Is the server running on host "localhost" (127.0.0.1) and accepting
	TCP/IP connections on port 5432?',
  'enabled' => true,
)
Request URL: /medicaloffice_heroku_localDev/users/login
Stack Trace:
#0 /opt/lampp/htdocs/medicaloffice_heroku_localDev/lib/Cake/Model/Datasource/DboSource.php(260): Postgres->connect()
#1 /opt/lampp/htdocs/medicaloffice_heroku_localDev/lib/Cake/Model/ConnectionManager.php(105): DboSource->__construct(Array)
#2 /opt/lampp/htdocs/medicaloffice_heroku_localDev/lib/Cake/Model/Model.php(3477): ConnectionManager::getDataSource('default')
#3 /opt/lampp/htdocs/medicaloffice_heroku_localDev/lib/Cake/Model/Model.php(1126): Model->setDataSource('default')
#4 /opt/lampp/htdocs/medicaloffice_heroku_localDev/lib/Cake/Model/Model.php(3499): Model->setSource('users')
#5 /opt/lampp/htdocs/medicaloffice_heroku_localDev/lib/Cake/Model/Model.php(1355): Model->getDataSource()
#6 /opt/lampp/htdocs/medicaloffice_heroku_localDev/lib/Cake/View/Helper/FormHelper.php(215): Model->schema()
#7 /opt/lampp/htdocs/medicaloffice_heroku_localDev/lib/Cake/View/Helper/FormHelper.php(467): FormHelper->_introspectModel('User', 'fields')
#8 /opt/lampp/htdocs/medicaloffice_heroku_localDev/app/View/Users/login.ctp(6): FormHelper->create('User')
#9 /opt/lampp/htdocs/medicaloffice_heroku_localDev/lib/Cake/View/View.php(935): include('/opt/lampp/htdo...')
#10 /opt/lampp/htdocs/medicaloffice_heroku_localDev/lib/Cake/View/View.php(897): View->_evaluate('/opt/lampp/htdo...', Array)
#11 /opt/lampp/htdocs/medicaloffice_heroku_localDev/lib/Cake/View/View.php(466): View->_render('/opt/lampp/htdo...')
#12 /opt/lampp/htdocs/medicaloffice_heroku_localDev/lib/Cake/Controller/Controller.php(954): View->render(NULL, NULL)
#13 /opt/lampp/htdocs/medicaloffice_heroku_localDev/lib/Cake/Routing/Dispatcher.php(192): Controller->render()
#14 /opt/lampp/htdocs/medicaloffice_heroku_localDev/lib/Cake/Routing/Dispatcher.php(160): Dispatcher->_invoke(Object(UsersController), Object(CakeRequest), Object(CakeResponse))
#15 /opt/lampp/htdocs/medicaloffice_heroku_localDev/app/webroot/index.php(108): Dispatcher->dispatch(Object(CakeRequest), Object(CakeResponse))
#16 {main}
2014-07-11 19:10:54 Error: [MissingConnectionException] Database connection "Postgres" is missing, or could not be created.
Exception Attributes: array (
  'class' => 'Postgres',
  'message' => 'SQLSTATE[08006] [7] could not connect to server: Conexión rehusada
	Is the server running on host "localhost" (127.0.0.1) and accepting
	TCP/IP connections on port 5432?',
  'enabled' => true,
)
Request URL: /medicaloffice_heroku_localDev/users/login
Stack Trace:
#0 /opt/lampp/htdocs/medicaloffice_heroku_localDev/lib/Cake/Model/Datasource/DboSource.php(260): Postgres->connect()
#1 /opt/lampp/htdocs/medicaloffice_heroku_localDev/lib/Cake/Model/ConnectionManager.php(105): DboSource->__construct(Array)
#2 /opt/lampp/htdocs/medicaloffice_heroku_localDev/lib/Cake/Model/Model.php(3477): ConnectionManager::getDataSource('default')
#3 /opt/lampp/htdocs/medicaloffice_heroku_localDev/lib/Cake/Model/Model.php(1126): Model->setDataSource('default')
#4 /opt/lampp/htdocs/medicaloffice_heroku_localDev/lib/Cake/Model/Model.php(3499): Model->setSource('users')
#5 /opt/lampp/htdocs/medicaloffice_heroku_localDev/lib/Cake/Model/Model.php(1355): Model->getDataSource()
#6 /opt/lampp/htdocs/medicaloffice_heroku_localDev/lib/Cake/View/Helper/FormHelper.php(215): Model->schema()
#7 /opt/lampp/htdocs/medicaloffice_heroku_localDev/lib/Cake/View/Helper/FormHelper.php(467): FormHelper->_introspectModel('User', 'fields')
#8 /opt/lampp/htdocs/medicaloffice_heroku_localDev/app/View/Users/login.ctp(6): FormHelper->create('User')
#9 /opt/lampp/htdocs/medicaloffice_heroku_localDev/lib/Cake/View/View.php(935): include('/opt/lampp/htdo...')
#10 /opt/lampp/htdocs/medicaloffice_heroku_localDev/lib/Cake/View/View.php(897): View->_evaluate('/opt/lampp/htdo...', Array)
#11 /opt/lampp/htdocs/medicaloffice_heroku_localDev/lib/Cake/View/View.php(466): View->_render('/opt/lampp/htdo...')
#12 /opt/lampp/htdocs/medicaloffice_heroku_localDev/lib/Cake/Controller/Controller.php(954): View->render(NULL, NULL)
#13 /opt/lampp/htdocs/medicaloffice_heroku_localDev/lib/Cake/Routing/Dispatcher.php(192): Controller->render()
#14 /opt/lampp/htdocs/medicaloffice_heroku_localDev/lib/Cake/Routing/Dispatcher.php(160): Dispatcher->_invoke(Object(UsersController), Object(CakeRequest), Object(CakeResponse))
#15 /opt/lampp/htdocs/medicaloffice_heroku_localDev/app/webroot/index.php(108): Dispatcher->dispatch(Object(CakeRequest), Object(CakeResponse))
#16 {main}
